INFO - 02/26/22 20:08:56 - 0:00:00 - ============ Initialized logger ============
INFO - 02/26/22 20:08:56 - 0:00:00 - adversarial: True
                                     batch_size: 16
                                     cuda: False
                                     dico_build: S2T
                                     dico_eval: default
                                     dico_max_rank: 15000
                                     dico_max_size: 0
                                     dico_method: csls_knn_10
                                     dico_min_size: 0
                                     dico_threshold: 0
                                     dis_clip_weights: 0
                                     dis_dropout: 0.0
                                     dis_hid_dim: 2048
                                     dis_input_dropout: 0.1
                                     dis_lambda: 1
                                     dis_layers: 2
                                     dis_most_frequent: 75000
                                     dis_optimizer: sgd,lr=0.1
                                     dis_smooth: 0.1
                                     dis_steps: 5
                                     emb_dim: 300
                                     epoch_size: 10000
                                     exp_id: 
                                     exp_name: debug
                                     exp_path: C:\Users\79648\Desktop\thesis\MUSE\dumped\debug\8m9c5diz5v
                                     export: txt
                                     lr_decay: 0.98
                                     lr_shrink: 0.5
                                     map_beta: 0.001
                                     map_id_init: True
                                     map_optimizer: sgd,lr=0.1
                                     max_vocab: 200000
                                     min_lr: 1e-06
                                     n_epochs: 5
                                     n_refinement: 1
                                     normalize_embeddings: 
                                     seed: -1
                                     src_emb: MUSE/data/wiki.de.vec
                                     src_lang: de
                                     tgt_emb: MUSE/data/wiki.pt.vec
                                     tgt_lang: pt
                                     verbose: 2
INFO - 02/26/22 20:08:56 - 0:00:00 - The experiment will be stored in C:\Users\79648\Desktop\thesis\MUSE\dumped\debug\8m9c5diz5v
INFO - 02/26/22 20:09:18 - 0:00:23 - Loaded 200000 pre-trained word embeddings.
INFO - 02/26/22 20:09:42 - 0:00:46 - Loaded 200000 pre-trained word embeddings.
INFO - 02/26/22 20:09:43 - 0:00:48 - ----> ADVERSARIAL TRAINING <----
                                     
                                     
INFO - 02/26/22 20:09:43 - 0:00:48 - Starting adversarial training epoch 0...
INFO - 02/26/22 20:09:44 - 0:00:48 - 000000 - Discriminator loss: 0.6748 - 121 samples/s
INFO - 02/26/22 20:10:06 - 0:01:11 - 002000 - Discriminator loss: 0.6046 - 175 samples/s
INFO - 02/26/22 20:10:29 - 0:01:33 - 004000 - Discriminator loss: 0.5194 - 176 samples/s
INFO - 02/26/22 20:10:55 - 0:01:59 - 006000 - Discriminator loss: 0.5549 - 152 samples/s
INFO - 02/26/22 20:11:23 - 0:02:27 - 008000 - Discriminator loss: 0.5546 - 144 samples/s
INFO - 02/26/22 20:11:50 - 0:02:54 - Found 1513 pairs of words in the dictionary (1500 unique). 0 other pairs contained at least one unknown word (0 in lang1, 0 in lang2)
INFO - 02/26/22 20:11:57 - 0:03:01 - 1500 source words - nn - Precision at k = 1: 0.000000
INFO - 02/26/22 20:11:57 - 0:03:01 - 1500 source words - nn - Precision at k = 5: 0.000000
INFO - 02/26/22 20:11:57 - 0:03:01 - 1500 source words - nn - Precision at k = 10: 0.000000
INFO - 02/26/22 20:11:57 - 0:03:01 - Found 1513 pairs of words in the dictionary (1500 unique). 0 other pairs contained at least one unknown word (0 in lang1, 0 in lang2)
INFO - 02/26/22 20:17:37 - 0:08:42 - 1500 source words - csls_knn_10 - Precision at k = 1: 0.000000
INFO - 02/26/22 20:17:37 - 0:08:42 - 1500 source words - csls_knn_10 - Precision at k = 5: 0.000000
INFO - 02/26/22 20:17:37 - 0:08:42 - 1500 source words - csls_knn_10 - Precision at k = 10: 0.000000
INFO - 02/26/22 20:18:48 - 0:09:52 - Building the train dictionary ...
INFO - 02/26/22 20:18:48 - 0:09:52 - New train dictionary of 180 pairs.
INFO - 02/26/22 20:18:48 - 0:09:52 - Mean cosine (nn method, S2T build, 10000 max size): 0.44657
INFO - 02/26/22 20:30:00 - 0:21:04 - Building the train dictionary ...
INFO - 02/26/22 20:30:00 - 0:21:04 - New train dictionary of 459 pairs.
INFO - 02/26/22 20:30:00 - 0:21:04 - Mean cosine (csls_knn_10 method, S2T build, 10000 max size): 0.41600
INFO - 02/26/22 20:31:03 - 0:22:08 - Discriminator source / target predictions: 0.54924 / 0.26753
INFO - 02/26/22 20:31:03 - 0:22:08 - Discriminator source / target / global accuracy: 0.63795 / 0.89933 / 0.76864
INFO - 02/26/22 20:31:03 - 0:22:08 - __log__:{"n_epoch": 0, "precision_at_1-nn": 0.0, "precision_at_5-nn": 0.0, "precision_at_10-nn": 0.0, "precision_at_1-csls_knn_10": 0.0, "precision_at_5-csls_knn_10": 0.0, "precision_at_10-csls_knn_10": 0.0, "mean_cosine-nn-S2T-10000": 0.446569561958313, "mean_cosine-csls_knn_10-S2T-10000": 0.4159984290599823, "dis_accu": 0.76864, "dis_src_pred": 0.5492366381730279, "dis_tgt_pred": 0.2675330587261044}
INFO - 02/26/22 20:31:03 - 0:22:08 - * Best value for "mean_cosine-csls_knn_10-S2T-10000": 0.41600
INFO - 02/26/22 20:31:03 - 0:22:08 - * Saving the mapping to C:\Users\79648\Desktop\thesis\MUSE\dumped\debug\8m9c5diz5v\best_mapping.pth ...
INFO - 02/26/22 20:31:03 - 0:22:08 - End of epoch 0.
                                     
                                     
INFO - 02/26/22 20:31:03 - 0:22:08 - Decreasing learning rate: 0.10000000 -> 0.09800000
INFO - 02/26/22 20:31:03 - 0:22:08 - Starting adversarial training epoch 1...
INFO - 02/26/22 20:31:04 - 0:22:08 - 000000 - Discriminator loss: 0.6070 - 108 samples/s
INFO - 02/26/22 20:31:28 - 0:22:32 - 002000 - Discriminator loss: 0.5486 - 163 samples/s
INFO - 02/26/22 20:31:56 - 0:23:00 - 004000 - Discriminator loss: 0.5332 - 142 samples/s
INFO - 02/26/22 20:32:24 - 0:23:28 - 006000 - Discriminator loss: 0.5207 - 143 samples/s
INFO - 02/26/22 20:32:49 - 0:23:53 - 008000 - Discriminator loss: 0.5138 - 160 samples/s
INFO - 02/26/22 20:33:18 - 0:24:22 - Found 1513 pairs of words in the dictionary (1500 unique). 0 other pairs contained at least one unknown word (0 in lang1, 0 in lang2)
INFO - 02/26/22 20:33:24 - 0:24:28 - 1500 source words - nn - Precision at k = 1: 0.000000
INFO - 02/26/22 20:33:24 - 0:24:28 - 1500 source words - nn - Precision at k = 5: 0.000000
INFO - 02/26/22 20:33:24 - 0:24:28 - 1500 source words - nn - Precision at k = 10: 0.000000
INFO - 02/26/22 20:33:24 - 0:24:28 - Found 1513 pairs of words in the dictionary (1500 unique). 0 other pairs contained at least one unknown word (0 in lang1, 0 in lang2)
INFO - 02/26/22 20:38:20 - 0:29:24 - 1500 source words - csls_knn_10 - Precision at k = 1: 0.000000
INFO - 02/26/22 20:38:20 - 0:29:24 - 1500 source words - csls_knn_10 - Precision at k = 5: 0.000000
INFO - 02/26/22 20:38:20 - 0:29:24 - 1500 source words - csls_knn_10 - Precision at k = 10: 0.000000
INFO - 02/26/22 20:39:31 - 0:30:35 - Building the train dictionary ...
INFO - 02/26/22 20:39:31 - 0:30:35 - New train dictionary of 278 pairs.
INFO - 02/26/22 20:39:31 - 0:30:35 - Mean cosine (nn method, S2T build, 10000 max size): 0.45321
INFO - 02/26/22 20:51:32 - 0:42:36 - Building the train dictionary ...
INFO - 02/26/22 20:51:32 - 0:42:36 - New train dictionary of 596 pairs.
INFO - 02/26/22 20:51:32 - 0:42:36 - Mean cosine (csls_knn_10 method, S2T build, 10000 max size): 0.42729
INFO - 02/26/22 20:52:25 - 0:43:29 - Discriminator source / target predictions: 0.62210 / 0.25865
INFO - 02/26/22 20:52:25 - 0:43:29 - Discriminator source / target / global accuracy: 0.77612 / 0.86841 / 0.82227
INFO - 02/26/22 20:52:25 - 0:43:29 - __log__:{"n_epoch": 1, "precision_at_1-nn": 0.0, "precision_at_5-nn": 0.0, "precision_at_10-nn": 0.0, "precision_at_1-csls_knn_10": 0.0, "precision_at_5-csls_knn_10": 0.0, "precision_at_10-csls_knn_10": 0.0, "mean_cosine-nn-S2T-10000": 0.4532053768634796, "mean_cosine-csls_knn_10-S2T-10000": 0.42728620767593384, "dis_accu": 0.8222675, "dis_src_pred": 0.622098052225106, "dis_tgt_pred": 0.25865305730697663}
INFO - 02/26/22 20:52:25 - 0:43:29 - * Best value for "mean_cosine-csls_knn_10-S2T-10000": 0.42729
INFO - 02/26/22 20:52:25 - 0:43:29 - * Saving the mapping to C:\Users\79648\Desktop\thesis\MUSE\dumped\debug\8m9c5diz5v\best_mapping.pth ...
INFO - 02/26/22 20:52:25 - 0:43:29 - End of epoch 1.
                                     
                                     
INFO - 02/26/22 20:52:25 - 0:43:29 - Decreasing learning rate: 0.09800000 -> 0.09604000
INFO - 02/26/22 20:52:25 - 0:43:29 - Starting adversarial training epoch 2...
INFO - 02/26/22 20:52:25 - 0:43:30 - 000000 - Discriminator loss: 0.5229 - 144 samples/s
INFO - 02/26/22 20:52:44 - 0:43:48 - 002000 - Discriminator loss: 0.5012 - 218 samples/s
INFO - 02/26/22 20:53:02 - 0:44:06 - 004000 - Discriminator loss: 0.5011 - 217 samples/s
INFO - 02/26/22 20:53:20 - 0:44:24 - 006000 - Discriminator loss: 0.4995 - 221 samples/s
INFO - 02/26/22 20:53:38 - 0:44:42 - 008000 - Discriminator loss: 0.4908 - 223 samples/s
INFO - 02/26/22 20:53:57 - 0:45:01 - Found 1513 pairs of words in the dictionary (1500 unique). 0 other pairs contained at least one unknown word (0 in lang1, 0 in lang2)
INFO - 02/26/22 20:54:01 - 0:45:05 - 1500 source words - nn - Precision at k = 1: 0.000000
INFO - 02/26/22 20:54:01 - 0:45:05 - 1500 source words - nn - Precision at k = 5: 0.000000
INFO - 02/26/22 20:54:01 - 0:45:05 - 1500 source words - nn - Precision at k = 10: 0.000000
INFO - 02/26/22 20:54:01 - 0:45:05 - Found 1513 pairs of words in the dictionary (1500 unique). 0 other pairs contained at least one unknown word (0 in lang1, 0 in lang2)
INFO - 02/26/22 20:57:36 - 0:48:40 - 1500 source words - csls_knn_10 - Precision at k = 1: 0.000000
INFO - 02/26/22 20:57:36 - 0:48:40 - 1500 source words - csls_knn_10 - Precision at k = 5: 0.000000
INFO - 02/26/22 20:57:36 - 0:48:40 - 1500 source words - csls_knn_10 - Precision at k = 10: 0.066667
INFO - 02/26/22 20:58:29 - 0:49:33 - Building the train dictionary ...
INFO - 02/26/22 20:58:29 - 0:49:33 - New train dictionary of 600 pairs.
INFO - 02/26/22 20:58:29 - 0:49:33 - Mean cosine (nn method, S2T build, 10000 max size): 0.49022
INFO - 02/26/22 21:06:36 - 0:57:41 - Building the train dictionary ...
INFO - 02/26/22 21:06:36 - 0:57:41 - New train dictionary of 876 pairs.
INFO - 02/26/22 21:06:36 - 0:57:41 - Mean cosine (csls_knn_10 method, S2T build, 10000 max size): 0.44578
INFO - 02/26/22 21:07:23 - 0:58:27 - Discriminator source / target predictions: 0.61970 / 0.23575
INFO - 02/26/22 21:07:23 - 0:58:27 - Discriminator source / target / global accuracy: 0.76463 / 0.89396 / 0.82930
INFO - 02/26/22 21:07:23 - 0:58:27 - __log__:{"n_epoch": 2, "precision_at_1-nn": 0.0, "precision_at_5-nn": 0.0, "precision_at_10-nn": 0.0, "precision_at_1-csls_knn_10": 0.0, "precision_at_5-csls_knn_10": 0.0, "precision_at_10-csls_knn_10": 0.06666666666666667, "mean_cosine-nn-S2T-10000": 0.49022176861763, "mean_cosine-csls_knn_10-S2T-10000": 0.4457823634147644, "dis_accu": 0.829295, "dis_src_pred": 0.6197001548787207, "dis_tgt_pred": 0.23575242095760826}
INFO - 02/26/22 21:07:23 - 0:58:27 - * Best value for "mean_cosine-csls_knn_10-S2T-10000": 0.44578
INFO - 02/26/22 21:07:23 - 0:58:27 - * Saving the mapping to C:\Users\79648\Desktop\thesis\MUSE\dumped\debug\8m9c5diz5v\best_mapping.pth ...
INFO - 02/26/22 21:07:23 - 0:58:27 - End of epoch 2.
                                     
                                     
INFO - 02/26/22 21:07:23 - 0:58:27 - Decreasing learning rate: 0.09604000 -> 0.09411920
INFO - 02/26/22 21:07:23 - 0:58:27 - Starting adversarial training epoch 3...
INFO - 02/26/22 21:07:23 - 0:58:28 - 000000 - Discriminator loss: 0.4764 - 182 samples/s
INFO - 02/26/22 21:07:45 - 0:58:49 - 002000 - Discriminator loss: 0.4813 - 189 samples/s
INFO - 02/26/22 21:08:04 - 0:59:08 - 004000 - Discriminator loss: 0.4827 - 208 samples/s
INFO - 02/26/22 21:08:24 - 0:59:29 - 006000 - Discriminator loss: 0.4813 - 193 samples/s
INFO - 02/26/22 21:08:43 - 0:59:47 - 008000 - Discriminator loss: 0.4788 - 217 samples/s
INFO - 02/26/22 21:09:02 - 1:00:07 - Found 1513 pairs of words in the dictionary (1500 unique). 0 other pairs contained at least one unknown word (0 in lang1, 0 in lang2)
INFO - 02/26/22 21:09:07 - 1:00:11 - 1500 source words - nn - Precision at k = 1: 0.000000
INFO - 02/26/22 21:09:07 - 1:00:11 - 1500 source words - nn - Precision at k = 5: 0.000000
INFO - 02/26/22 21:09:07 - 1:00:11 - 1500 source words - nn - Precision at k = 10: 0.066667
INFO - 02/26/22 21:09:07 - 1:00:11 - Found 1513 pairs of words in the dictionary (1500 unique). 0 other pairs contained at least one unknown word (0 in lang1, 0 in lang2)
INFO - 02/26/22 21:12:49 - 1:03:54 - 1500 source words - csls_knn_10 - Precision at k = 1: 0.000000
INFO - 02/26/22 21:12:49 - 1:03:54 - 1500 source words - csls_knn_10 - Precision at k = 5: 0.000000
INFO - 02/26/22 21:12:49 - 1:03:54 - 1500 source words - csls_knn_10 - Precision at k = 10: 0.200000
INFO - 02/26/22 21:13:43 - 1:04:47 - Building the train dictionary ...
INFO - 02/26/22 21:13:43 - 1:04:47 - New train dictionary of 563 pairs.
INFO - 02/26/22 21:13:43 - 1:04:47 - Mean cosine (nn method, S2T build, 10000 max size): 0.50154
INFO - 02/26/22 21:22:16 - 1:13:20 - Building the train dictionary ...
INFO - 02/26/22 21:22:16 - 1:13:20 - New train dictionary of 823 pairs.
INFO - 02/26/22 21:22:16 - 1:13:20 - Mean cosine (csls_knn_10 method, S2T build, 10000 max size): 0.44915
INFO - 02/26/22 21:23:03 - 1:14:07 - Discriminator source / target predictions: 0.70184 / 0.22658
INFO - 02/26/22 21:23:03 - 1:14:07 - Discriminator source / target / global accuracy: 0.87519 / 0.89219 / 0.88369
INFO - 02/26/22 21:23:03 - 1:14:07 - __log__:{"n_epoch": 3, "precision_at_1-nn": 0.0, "precision_at_5-nn": 0.0, "precision_at_10-nn": 0.06666666666666667, "precision_at_1-csls_knn_10": 0.0, "precision_at_5-csls_knn_10": 0.0, "precision_at_10-csls_knn_10": 0.2, "mean_cosine-nn-S2T-10000": 0.5015435218811035, "mean_cosine-csls_knn_10-S2T-10000": 0.449146032333374, "dis_accu": 0.88369, "dis_src_pred": 0.7018364027737826, "dis_tgt_pred": 0.22657982976858765}
INFO - 02/26/22 21:23:03 - 1:14:07 - * Best value for "mean_cosine-csls_knn_10-S2T-10000": 0.44915
INFO - 02/26/22 21:23:03 - 1:14:07 - * Saving the mapping to C:\Users\79648\Desktop\thesis\MUSE\dumped\debug\8m9c5diz5v\best_mapping.pth ...
INFO - 02/26/22 21:23:03 - 1:14:07 - End of epoch 3.
                                     
                                     
INFO - 02/26/22 21:23:03 - 1:14:07 - Decreasing learning rate: 0.09411920 -> 0.09223682
INFO - 02/26/22 21:23:03 - 1:14:07 - Starting adversarial training epoch 4...
INFO - 02/26/22 21:23:03 - 1:14:07 - 000000 - Discriminator loss: 0.4398 - 185 samples/s
INFO - 02/26/22 21:23:21 - 1:14:25 - 002000 - Discriminator loss: 0.4708 - 222 samples/s
INFO - 02/26/22 21:23:39 - 1:14:43 - 004000 - Discriminator loss: 0.4688 - 224 samples/s
INFO - 02/26/22 21:23:57 - 1:15:01 - 006000 - Discriminator loss: 0.4716 - 224 samples/s
INFO - 02/26/22 21:24:15 - 1:15:19 - 008000 - Discriminator loss: 0.4677 - 224 samples/s
INFO - 02/26/22 21:24:34 - 1:15:38 - Found 1513 pairs of words in the dictionary (1500 unique). 0 other pairs contained at least one unknown word (0 in lang1, 0 in lang2)
INFO - 02/26/22 21:24:38 - 1:15:42 - 1500 source words - nn - Precision at k = 1: 0.066667
INFO - 02/26/22 21:24:38 - 1:15:42 - 1500 source words - nn - Precision at k = 5: 0.066667
INFO - 02/26/22 21:24:38 - 1:15:42 - 1500 source words - nn - Precision at k = 10: 0.066667
INFO - 02/26/22 21:24:38 - 1:15:42 - Found 1513 pairs of words in the dictionary (1500 unique). 0 other pairs contained at least one unknown word (0 in lang1, 0 in lang2)
INFO - 02/26/22 21:28:29 - 1:19:33 - 1500 source words - csls_knn_10 - Precision at k = 1: 0.000000
INFO - 02/26/22 21:28:29 - 1:19:33 - 1500 source words - csls_knn_10 - Precision at k = 5: 0.066667
INFO - 02/26/22 21:28:29 - 1:19:33 - 1500 source words - csls_knn_10 - Precision at k = 10: 0.133333
INFO - 02/26/22 21:29:29 - 1:20:33 - Building the train dictionary ...
INFO - 02/26/22 21:29:29 - 1:20:33 - New train dictionary of 648 pairs.
INFO - 02/26/22 21:29:29 - 1:20:33 - Mean cosine (nn method, S2T build, 10000 max size): 0.49238
INFO - 02/26/22 21:37:41 - 1:28:45 - Building the train dictionary ...
INFO - 02/26/22 21:37:41 - 1:28:45 - New train dictionary of 922 pairs.
INFO - 02/26/22 21:37:41 - 1:28:45 - Mean cosine (csls_knn_10 method, S2T build, 10000 max size): 0.45542
INFO - 02/26/22 21:38:25 - 1:29:29 - Discriminator source / target predictions: 0.70466 / 0.25256
INFO - 02/26/22 21:38:25 - 1:29:29 - Discriminator source / target / global accuracy: 0.85745 / 0.86060 / 0.85903
INFO - 02/26/22 21:38:25 - 1:29:29 - __log__:{"n_epoch": 4, "precision_at_1-nn": 0.06666666666666667, "precision_at_5-nn": 0.06666666666666667, "precision_at_10-nn": 0.06666666666666667, "precision_at_1-csls_knn_10": 0.0, "precision_at_5-csls_knn_10": 0.06666666666666667, "precision_at_10-csls_knn_10": 0.13333333333333333, "mean_cosine-nn-S2T-10000": 0.4923761487007141, "mean_cosine-csls_knn_10-S2T-10000": 0.4554246962070465, "dis_accu": 0.8590275, "dis_src_pred": 0.7046583440689929, "dis_tgt_pred": 0.25255524887973485}
INFO - 02/26/22 21:38:25 - 1:29:29 - * Best value for "mean_cosine-csls_knn_10-S2T-10000": 0.45542
INFO - 02/26/22 21:38:25 - 1:29:29 - * Saving the mapping to C:\Users\79648\Desktop\thesis\MUSE\dumped\debug\8m9c5diz5v\best_mapping.pth ...
INFO - 02/26/22 21:38:25 - 1:29:29 - End of epoch 4.
                                     
                                     
INFO - 02/26/22 21:38:25 - 1:29:29 - Decreasing learning rate: 0.09223682 -> 0.09039208
INFO - 02/26/22 21:38:25 - 1:29:29 - ----> ITERATIVE PROCRUSTES REFINEMENT <----
                                     
                                     
INFO - 02/26/22 21:38:25 - 1:29:29 - * Reloading the best model from C:\Users\79648\Desktop\thesis\MUSE\dumped\debug\8m9c5diz5v\best_mapping.pth ...
INFO - 02/26/22 21:38:25 - 1:29:29 - Starting refinement iteration 0...
INFO - 02/26/22 21:38:25 - 1:29:29 - Building the train dictionary ...
INFO - 02/26/22 21:42:41 - 1:33:46 - New train dictionary of 1654 pairs.
INFO - 02/26/22 21:42:43 - 1:33:47 - Found 1513 pairs of words in the dictionary (1500 unique). 0 other pairs contained at least one unknown word (0 in lang1, 0 in lang2)
INFO - 02/26/22 21:42:46 - 1:33:51 - 1500 source words - nn - Precision at k = 1: 0.000000
INFO - 02/26/22 21:42:46 - 1:33:51 - 1500 source words - nn - Precision at k = 5: 0.000000
INFO - 02/26/22 21:42:46 - 1:33:51 - 1500 source words - nn - Precision at k = 10: 0.266667
INFO - 02/26/22 21:42:46 - 1:33:51 - Found 1513 pairs of words in the dictionary (1500 unique). 0 other pairs contained at least one unknown word (0 in lang1, 0 in lang2)
INFO - 02/26/22 21:46:38 - 1:37:42 - 1500 source words - csls_knn_10 - Precision at k = 1: 0.000000
INFO - 02/26/22 21:46:38 - 1:37:42 - 1500 source words - csls_knn_10 - Precision at k = 5: 0.066667
INFO - 02/26/22 21:46:38 - 1:37:42 - 1500 source words - csls_knn_10 - Precision at k = 10: 0.133333
INFO - 02/26/22 21:47:32 - 1:38:36 - Building the train dictionary ...
INFO - 02/26/22 21:47:32 - 1:38:36 - New train dictionary of 3390 pairs.
INFO - 02/26/22 21:47:32 - 1:38:36 - Mean cosine (nn method, S2T build, 10000 max size): 0.52022
INFO - 02/26/22 21:55:36 - 1:46:40 - Building the train dictionary ...
INFO - 02/26/22 21:55:36 - 1:46:40 - New train dictionary of 2262 pairs.
INFO - 02/26/22 21:55:36 - 1:46:40 - Mean cosine (csls_knn_10 method, S2T build, 10000 max size): 0.52472
INFO - 02/26/22 21:55:36 - 1:46:40 - __log__:{"n_iter": 0, "precision_at_1-nn": 0.0, "precision_at_5-nn": 0.0, "precision_at_10-nn": 0.26666666666666666, "precision_at_1-csls_knn_10": 0.0, "precision_at_5-csls_knn_10": 0.06666666666666667, "precision_at_10-csls_knn_10": 0.13333333333333333, "mean_cosine-nn-S2T-10000": 0.5202220678329468, "mean_cosine-csls_knn_10-S2T-10000": 0.5247240662574768}
INFO - 02/26/22 21:55:36 - 1:46:40 - * Best value for "mean_cosine-csls_knn_10-S2T-10000": 0.52472
INFO - 02/26/22 21:55:36 - 1:46:40 - * Saving the mapping to C:\Users\79648\Desktop\thesis\MUSE\dumped\debug\8m9c5diz5v\best_mapping.pth ...
INFO - 02/26/22 21:55:36 - 1:46:40 - End of refinement iteration 0.
                                     
                                     
INFO - 02/26/22 21:55:36 - 1:46:40 - * Reloading the best model from C:\Users\79648\Desktop\thesis\MUSE\dumped\debug\8m9c5diz5v\best_mapping.pth ...
INFO - 02/26/22 21:55:36 - 1:46:40 - Reloading all embeddings for mapping ...
INFO - 02/26/22 21:55:57 - 1:47:01 - Loaded 200000 pre-trained word embeddings.
INFO - 02/26/22 21:56:19 - 1:47:23 - Loaded 200000 pre-trained word embeddings.
INFO - 02/26/22 21:56:19 - 1:47:24 - Map source embeddings to the target space ...
INFO - 02/26/22 21:56:20 - 1:47:24 - Writing source embeddings to C:\Users\79648\Desktop\thesis\MUSE\dumped\debug\8m9c5diz5v\vectors-de.txt ...
INFO - 02/26/22 21:58:10 - 1:49:14 - Writing target embeddings to C:\Users\79648\Desktop\thesis\MUSE\dumped\debug\8m9c5diz5v\vectors-pt.txt ...
